The Dart VM service is listening on http://127.0.0.1:60563/4HHnN0QpXz0=/
The Dart DevTools debugger and profiler is available at: http://127.0.0.1:60563/4HHnN0QpXz0=/devtools/?uri=ws://127.0.0.1:60563/4HHnN0QpXz0=/ws
The request analysis.setContextRoots failed with the following error:
RequestErrorCode.PLUGIN_ERROR
ProcessException: No such file or directory
  Command: flutter pub get
at:
#0      _ProcessImpl._start (dart:io-patch/process_patch.dart:402:33)
#1      Process.start (dart:io-patch/process_patch.dart:38:20)
#2      _runNonInteractiveProcess (dart:io-patch/process_patch.dart:579:18)
#3      Process.run (dart:io-patch/process_patch.dart:49:12)
#4      CustomLintWorkspace.runPubGet (package:custom_lint/src/workspace.dart:755:36)
#5      CustomLintWorkspace.resolvePluginHost (package:custom_lint/src/workspace.dart:748:11)
#6      SocketCustomLintServerToClientChannel._startProcess (package:custom_lint/src/v2/server_to_client_channel.dart:151:24)
#7      SocketCustomLintServerToClientChannel.init (package:custom_lint/src/v2/server_to_client_channel.dart:110:22)
#8      CustomLintServer._maybeSpawnCustomLintPlugin (package:custom_lint/src/v2/custom_lint_analyzer_plugin.dart:394:25)
<asynchronous suspension>
#9      CustomLintServer._handleAnalysisSetContextRoots.<anonymous closure> (package:custom_lint/src/v2/custom_lint_analyzer_plugin.dart:341:9)
<asynchronous suspension>
#10     PendingOperation.run (package:custom_lint/src/async_operation.dart:22:14)
<asynchronous suspension>
#11     CustomLintServer._handleRequest (package:custom_lint/src/v2/custom_lint_analyzer_plugin.dart:173:22)
<asynchronous suspension>

The request analysis.setContextRoots failed with the following error:
RequestErrorCode.PLUGIN_ERROR
Exception: Failed to run "pub get" in the client project:

┌─────────────────────────────────────────────────────────┐
│ A new version of Flutter is available!                  │
│                                                         │
│ To update to the latest version, run "flutter upgrade". │
└─────────────────────────────────────────────────────────┘
Resolving dependencies...

Got socket error trying to find package riverpod_lint at https://pub.dev.

at:
#0      CustomLintWorkspace.runPubGet (package:custom_lint/src/workspace.dart:764:7)
<asynchronous suspension>
#1      CustomLintWorkspace.resolvePluginHost (package:custom_lint/src/workspace.dart:748:5)
<asynchronous suspension>
#2      SocketCustomLintServerToClientChannel._startProcess (package:custom_lint/src/v2/server_to_client_channel.dart:151:7)
<asynchronous suspension>
#3      SocketCustomLintServerToClientChannel.init (package:custom_lint/src/v2/server_to_client_channel.dart:111:21)
<asynchronous suspension>
#4      CustomLintServer._maybeSpawnCustomLintPlugin (package:custom_lint/src/v2/custom_lint_analyzer_plugin.dart:394:5)
<asynchronous suspension>
#5      CustomLintServer._handleAnalysisSetContextRoots.<anonymous closure> (package:custom_lint/src/v2/custom_lint_analyzer_plugin.dart:341:9)
<asynchronous suspension>
#6      PendingOperation.run (package:custom_lint/src/async_operation.dart:22:14)
<asynchronous suspension>
#7      CustomLintServer._handleRequest (package:custom_lint/src/v2/custom_lint_analyzer_plugin.dart:173:22)
<asynchronous suspension>

